<?xml version="1.0" encoding="UTF-8"?>
<testng-results skipped="0" failed="0" total="1" passed="1">
  <reporter-output>
  </reporter-output>
  <suite name="Suite" duration-ms="50" started-at="2018-04-16T12:01:37Z" finished-at="2018-04-16T12:01:37Z">
    <groups>
    </groups>
    <test name="Test" duration-ms="50" started-at="2018-04-16T12:01:37Z" finished-at="2018-04-16T12:01:37Z">
      <class name="com.jenkinsmaven.selenium.MavenTestDemo">
        <test-method status="PASS" signature="testdemo()[pri:0, instance:com.jenkinsmaven.selenium.MavenTestDemo@6debcae2]" name="testdemo" duration-ms="30" started-at="2018-04-16T17:31:37Z" finished-at="2018-04-16T17:31:37Z">
          <reporter-output>
          </reporter-output>
        </test-method> <!-- testdemo -->
      </class> <!-- com.jenkinsmaven.selenium.MavenTestDemo -->
    </test> <!-- Test -->
  </suite> <!-- Suite -->
</testng-results>
