<?xml version="1.0" encoding="UTF-8"?>
<testng-results skipped="0" failed="0" total="1" passed="1">
  <reporter-output>
  </reporter-output>
  <suite name="Suite" duration-ms="30" started-at="2018-04-16T13:52:10Z" finished-at="2018-04-16T13:52:10Z">
    <groups>
    </groups>
    <test name="Test" duration-ms="30" started-at="2018-04-16T13:52:10Z" finished-at="2018-04-16T13:52:10Z">
      <class name="testdemo.jenkinsdemo1">
        <test-method status="PASS" signature="test1()[pri:0, instance:testdemo.jenkinsdemo1@75412c2f]" name="test1" duration-ms="10" started-at="2018-04-16T19:22:10Z" finished-at="2018-04-16T19:22:10Z">
          <reporter-output>
          </reporter-output>
        </test-method> <!-- test1 -->
      </class> <!-- testdemo.jenkinsdemo1 -->
    </test> <!-- Test -->
  </suite> <!-- Suite -->
</testng-results>
