<?xml version="1.0" encoding="UTF-8"?>
<testng-results skipped="0" failed="0" total="1" passed="1">
  <reporter-output>
  </reporter-output>
  <suite name="Default suite" duration-ms="26111" started-at="2017-06-23T14:06:21Z" finished-at="2017-06-23T14:06:48Z">
    <groups>
    </groups>
    <test name="Default test" duration-ms="26111" started-at="2017-06-23T14:06:21Z" finished-at="2017-06-23T14:06:48Z">
      <class name="Page_ModelF.Verify_Login">
        <test-method status="PASS" signature="Valid_login()[pri:0, instance:Page_ModelF.Verify_Login@224aed64]" name="Valid_login" duration-ms="26108" started-at="2017-06-23T19:36:21Z" finished-at="2017-06-23T19:36:48Z">
          <reporter-output>
          </reporter-output>
        </test-method> <!-- Valid_login -->
      </class> <!-- Page_ModelF.Verify_Login -->
    </test> <!-- Default test -->
  </suite> <!-- Default suite -->
</testng-results>
