<?xml version="1.0" encoding="UTF-8"?>
<!-- Generated by org.testng.reporters.JUnitXMLReporter -->
<testsuite hostname="SML-0687" name="sanity tests" tests="6" failures="0" timestamp="9 Jun 2017 12:23:53 GMT" time="0.04" errors="0">
  <testcase name="search" time="0.0" classname="SeleniumTest.Test1"/>
  <testcase name="AdvanceSearch" time="0.0" classname="SeleniumTest.Test1"/>
  <testcase name="Buyproducts" time="0.0" classname="SeleniumTest.Test1"/>
  <testcase name="accuntsummary" time="0.0" classname="SeleniumTest.Test2"/>
  <testcase name="fundtransfer" time="0.01" classname="SeleniumTest.Test2"/>
  <testcase name="Billpayment" time="0.0" classname="SeleniumTest.Test2"/>
</testsuite> <!-- sanity tests -->
