<?xml version="1.0" encoding="UTF-8"?>
<testng-results skipped="0" failed="0" total="1" passed="1">
  <reporter-output>
  </reporter-output>
  <suite name="Default suite" duration-ms="16017" started-at="2017-10-10T08:19:47Z" finished-at="2017-10-10T08:20:03Z">
    <groups>
    </groups>
    <test name="Default test" duration-ms="16017" started-at="2017-10-10T08:19:47Z" finished-at="2017-10-10T08:20:03Z">
      <class name="dropdowndemo2.Dropdown2">
        <test-method status="PASS" signature="SelectDD()[pri:0, instance:dropdowndemo2.Dropdown2@2b80d80f]" name="SelectDD" duration-ms="15987" started-at="2017-10-10T13:49:47Z" finished-at="2017-10-10T13:50:03Z">
          <reporter-output>
          </reporter-output>
        </test-method> <!-- SelectDD -->
      </class> <!-- dropdowndemo2.Dropdown2 -->
    </test> <!-- Default test -->
  </suite> <!-- Default suite -->
</testng-results>
