<?xml version="1.0" encoding="UTF-8"?>
<testng-results skipped="0" failed="0" total="1" passed="1">
  <reporter-output>
  </reporter-output>
  <suite name="Suite" duration-ms="48" started-at="2017-11-13T10:24:29Z" finished-at="2017-11-13T10:24:29Z">
    <groups>
    </groups>
    <test name="Test" duration-ms="48" started-at="2017-11-13T10:24:29Z" finished-at="2017-11-13T10:24:29Z">
      <class name="jenkinsdDemos.Demojenkinsjob1">
        <test-method status="PASS" signature="testjekins()[pri:0, instance:jenkinsdDemos.Demojenkinsjob1@224aed64]" name="testjekins" duration-ms="17" started-at="2017-11-13T15:54:29Z" finished-at="2017-11-13T15:54:29Z">
          <reporter-output>
          </reporter-output>
        </test-method> <!-- testjekins -->
      </class> <!-- jenkinsdDemos.Demojenkinsjob1 -->
    </test> <!-- Test -->
  </suite> <!-- Suite -->
</testng-results>
