<?xml version="1.0" encoding="UTF-8"?>
<testng-results skipped="0" failed="0" total="1" passed="1">
  <reporter-output>
  </reporter-output>
  <suite name="Default suite" duration-ms="60" started-at="2018-04-16T11:31:12Z" finished-at="2018-04-16T11:31:12Z">
    <groups>
    </groups>
    <test name="Default test" duration-ms="60" started-at="2018-04-16T11:31:12Z" finished-at="2018-04-16T11:31:12Z">
      <class name="com.jenkinsmaven.selenium.MavenTestDemo">
        <test-method status="PASS" signature="testdemo()[pri:0, instance:com.jenkinsmaven.selenium.MavenTestDemo@2a2d45ba]" name="testdemo" duration-ms="20" started-at="2018-04-16T17:01:12Z" finished-at="2018-04-16T17:01:12Z">
          <reporter-output>
          </reporter-output>
        </test-method> <!-- testdemo -->
      </class> <!-- com.jenkinsmaven.selenium.MavenTestDemo -->
    </test> <!-- Default test -->
  </suite> <!-- Default suite -->
</testng-results>
