<?xml version="1.0" encoding="UTF-8"?>
<testng-results skipped="0" failed="0" total="1" passed="1">
  <reporter-output>
  </reporter-output>
  <suite name="Default suite" duration-ms="15165" started-at="2018-04-17T11:00:34Z" finished-at="2018-04-17T11:00:49Z">
    <groups>
    </groups>
    <test name="Default test" duration-ms="15165" started-at="2018-04-17T11:00:34Z" finished-at="2018-04-17T11:00:49Z">
      <class name="DEMO1.savebtn">
        <test-method status="PASS" signature="Test1()[pri:0, instance:DEMO1.savebtn@4f933fd1]" name="Test1" duration-ms="15145" started-at="2018-04-17T16:30:34Z" finished-at="2018-04-17T16:30:49Z">
          <reporter-output>
          </reporter-output>
        </test-method> <!-- Test1 -->
      </class> <!-- DEMO1.savebtn -->
    </test> <!-- Default test -->
  </suite> <!-- Default suite -->
</testng-results>
